18:08:56.542 [main] INFO  factory.BaseClass - running through chrome
18:08:56.584 [main] INFO  factory.BaseClass - deleting all the cookies
18:08:56.594 [main] INFO  factory.BaseClass - applying the implicit wait
18:08:59.438 [main] INFO  factory.BaseClass - *********** search Test started **********
18:08:59.439 [main] INFO  factory.BaseClass - entering the search data
18:09:00.569 [main] INFO  factory.BaseClass - navigating to the doctors page
18:09:00.893 [main] INFO  factory.BaseClass - search Test got passed
18:09:00.902 [main] INFO  factory.BaseClass - *********** filter Test started **********
18:09:00.911 [main] INFO  factory.BaseClass - applying the filters
18:09:18.225 [main] INFO  factory.BaseClass - applied all the filters
18:09:18.434 [main] INFO  factory.BaseClass - filter Test got passed
18:09:18.440 [main] INFO  factory.BaseClass - *********** getDoctorsData Test started **********
18:09:18.440 [main] INFO  factory.BaseClass - getting the doctors details
18:09:19.682 [main] INFO  factory.BaseClass - printing the details in the excel
18:09:19.910 [main] INFO  factory.BaseClass - getDoctorsData Test got passed
18:09:19.915 [main] INFO  factory.BaseClass - *********** navigateToSurgeries Test started **********
18:09:19.915 [main] INFO  factory.BaseClass - navigating to the surgeries page
18:09:21.737 [main] INFO  factory.BaseClass - navigateToSurgeries Test got passed
18:09:21.740 [main] INFO  factory.BaseClass - *********** getSurgeriesList Test started **********
18:09:21.740 [main] INFO  factory.BaseClass - scrolling down to the surgeries
18:09:24.574 [main] INFO  factory.BaseClass - printing the surgeries list in the excel
18:09:24.887 [main] INFO  factory.BaseClass - getSurgeriesList Test got passed
18:09:24.894 [main] INFO  factory.BaseClass - *********** navigateToCorporate Test started **********
18:09:25.082 [main] INFO  factory.BaseClass - navigating to the corporate
18:09:25.591 [main] INFO  factory.BaseClass - navigateToCorporate Test got passed
18:09:25.595 [main] INFO  factory.BaseClass - *********** navigateToDemo Test started **********
18:09:25.596 [main] INFO  factory.BaseClass - selecting heath and wellness
18:09:30.479 [main] INFO  factory.BaseClass - navigateToDemo Test got passed
18:09:30.487 [main] INFO  factory.BaseClass - *********** verifyingPhoneFieldUsingInvalidMobileNumberFormat Test started **********
18:09:30.487 [main] INFO  factory.BaseClass - entering name and organisation in the demo form
18:09:30.732 [main] INFO  factory.BaseClass - verifying the phone field by giving invalid input format
18:09:31.359 [main] INFO  factory.BaseClass - verifyingPhoneFieldUsingInvalidMobileNumberFormat Test got passed
18:09:31.365 [main] INFO  factory.BaseClass - *********** verifyingPhoneFieldUsingBVA Test started **********
18:09:31.366 [main] INFO  factory.BaseClass - using boundary value ananlysis to verify the phone field with different input values
18:09:32.075 [main] INFO  factory.BaseClass - verifyingPhoneFieldUsingBVA Test got passed
18:09:32.079 [main] INFO  factory.BaseClass - *********** verifyingPhoneFieldUsingBVA_1 Test started **********
18:09:32.724 [main] INFO  factory.BaseClass - verifyingPhoneFieldUsingBVA_1 Test got passed
18:09:32.729 [main] INFO  factory.BaseClass - *********** verifyingMobileNumUsingValidInput Test started **********
18:09:32.729 [main] INFO  factory.BaseClass - verifying with the valid inputs
18:09:33.344 [main] INFO  factory.BaseClass - verifyingMobileNumUsingValidInput Test got passed
18:09:33.346 [main] INFO  factory.BaseClass - *********** verifyingMobileNumUsingValidInput_1 Test started **********
18:09:33.917 [main] INFO  factory.BaseClass - verifyingMobileNumUsingValidInput_1 Test got passed
18:09:33.923 [main] INFO  factory.BaseClass - *********** verifyingMobileNumUsingValidInput_2 Test started **********
18:09:34.527 [main] INFO  factory.BaseClass - verifyingMobileNumUsingValidInput_2 Test got passed
18:09:34.531 [main] INFO  factory.BaseClass - *********** verifyingMobileNumUsingValidInput_3 Test started **********
18:09:35.120 [main] INFO  factory.BaseClass - verifyingMobileNumUsingValidInput_3 Test got passed
18:09:35.122 [main] INFO  factory.BaseClass - *********** verifyingEmailUsingInvalidInput Test started **********
18:09:35.122 [main] INFO  factory.BaseClass - verifying the email field with the invalid inputs
18:09:35.699 [main] INFO  factory.BaseClass - verifyingEmailUsingInvalidInput Test got passed
18:09:35.703 [main] INFO  factory.BaseClass - *********** verifyingEmailUsingInvalidInput_1 Test started **********
18:09:36.405 [main] INFO  factory.BaseClass - verifyingEmailUsingInvalidInput_1 Test got passed
18:09:36.412 [main] INFO  factory.BaseClass - *********** verifyingEmailUsingInvalidInput_2 Test started **********
18:09:37.119 [main] INFO  factory.BaseClass - verifyingEmailUsingInvalidInput_2 Test got passed
18:09:37.124 [main] INFO  factory.BaseClass - *********** verifyingEmailUsingInvalidInput_3 Test started **********
