15:21:56.050 [main] INFO  factory.BaseClass - selecting heath and wellness
15:22:02.072 [main] INFO  factory.BaseClass - entering name and organisation in the demo form
15:22:04.477 [main] INFO  factory.BaseClass - choosing the organization size and interested option
15:22:08.861 [main] INFO  factory.BaseClass - verifying the phone field by giving invalid input format
15:22:08.862 [main] INFO  factory.BaseClass - verifying the email field with the invalid input no : 1
15:22:11.102 [main] INFO  factory.BaseClass - verifying the email field with the invalid input no : 2
15:22:13.504 [main] INFO  factory.BaseClass - verifying the email field with the invalid input no : 3
15:22:26.047 [main] INFO  factory.BaseClass - verifying the visibility of schedule a demo visibilty
15:22:30.491 [main] INFO  factory.BaseClass - --------------- Verifying the Thankyou message after applying for a demo has Started ---------------------
15:22:35.183 [main] INFO  factory.BaseClass - Navigated to PRACTO Homepage
15:22:35.444 [main] INFO  factory.BaseClass - navigating to the corporate
15:22:35.651 [main] INFO  factory.BaseClass - selecting heath and wellness
15:22:38.706 [main] INFO  factory.BaseClass - verifying with the valid inputs
15:22:41.149 [main] INFO  factory.BaseClass - choosing the organization size and interested option
15:22:45.448 [main] INFO  factory.BaseClass - verifying the phone field by giving invalid input format
15:22:45.448 [main] INFO  factory.BaseClass - verifying the mail field with the valid input : 1
15:22:47.702 [main] INFO  factory.BaseClass - verifying the mail field with the valid input : 2
15:22:49.983 [main] INFO  factory.BaseClass - verifying the mail field with the valid input : 3
15:22:52.318 [main] INFO  factory.BaseClass - verifying the mail field with the valid input : 4
15:22:59.822 [main] INFO  factory.BaseClass - verifying the visibility of schedule a demo visibilty
15:23:11.973 [main] INFO  factory.BaseClass - getting the success message
15:23:12.350 [main] INFO  factory.BaseClass - verifying the success message
15:23:13.444 [main] INFO  factory.BaseClass - Verified the Thank You message
15:26:55.308 [main] INFO  factory.BaseClass - Running through chrome
15:26:55.334 [main] INFO  factory.BaseClass - deleting all the cookies
15:26:55.344 [main] INFO  factory.BaseClass - applying the implicit wait
15:26:55.775 [main] INFO  factory.BaseClass - --------------- Fetching doctors details has Started ---------------------
15:27:09.843 [main] INFO  factory.BaseClass - Navigated to PRACTO Homepage
15:27:10.163 [main] INFO  factory.BaseClass - Entering the search data
15:27:17.101 [main] INFO  factory.BaseClass - Entered the City name
15:27:25.034 [main] INFO  factory.BaseClass - Entered the Speciality name
15:27:25.034 [main] INFO  factory.BaseClass - navigating to the doctors page
15:27:30.553 [main] INFO  factory.BaseClass - applying the filters
15:27:37.914 [main] INFO  factory.BaseClass - Applied Patient Stories
15:27:46.478 [main] INFO  factory.BaseClass - Applied Experience filter
15:28:03.623 [main] INFO  factory.BaseClass - Applied All Filters
15:28:06.705 [main] INFO  factory.BaseClass - Doctors are greater than 5
15:28:11.846 [main] INFO  factory.BaseClass - Sorted the doctors list
15:28:12.064 [main] INFO  factory.BaseClass - Getting the doctors details
15:28:15.193 [main] INFO  factory.BaseClass - printing the details in the excel
15:28:15.422 [main] INFO  factory.BaseClass - --------------- Fetching surgeries has Started ---------------------
15:28:20.168 [main] INFO  factory.BaseClass - Navigated to PRACTO Homepage
15:28:20.354 [main] INFO  factory.BaseClass - Navigating to the surgeries page
15:28:22.126 [main] INFO  factory.BaseClass - Clicked on Surgeries
15:28:22.574 [main] INFO  factory.BaseClass - scrolling down to the surgeries
15:28:29.230 [main] INFO  factory.BaseClass - printing the surgeries list in the excel
15:28:32.317 [main] INFO  factory.BaseClass - --------------- Verifying the schedule demo button has Started ---------------------
15:28:32.354 [main] INFO  factory.BaseClass - --------------- Verifying the Thankyou message after applying for a demo has Started ---------------------
15:30:04.692 [main] INFO  factory.BaseClass - Running through chrome
15:30:04.715 [main] INFO  factory.BaseClass - deleting all the cookies
15:30:04.724 [main] INFO  factory.BaseClass - applying the implicit wait
15:30:05.102 [main] INFO  factory.BaseClass - --------------- Fetching doctors details has Started ---------------------
15:30:11.154 [main] INFO  factory.BaseClass - Navigated to PRACTO Homepage
15:30:11.387 [main] INFO  factory.BaseClass - Entering the search data
15:30:18.287 [main] INFO  factory.BaseClass - Entered the City name
15:30:25.679 [main] INFO  factory.BaseClass - Entered the Speciality name
15:30:25.679 [main] INFO  factory.BaseClass - navigating to the doctors page
15:30:31.329 [main] INFO  factory.BaseClass - applying the filters
