09:52:33.504 [main] INFO  factory.BaseClass - Navigated to PRACTO Homepage
09:52:33.675 [main] INFO  factory.BaseClass - Entering the search data
09:52:38.153 [main] INFO  factory.BaseClass - Entered the City name
09:52:44.489 [main] INFO  factory.BaseClass - Entered the Speciality name
09:52:44.489 [main] INFO  factory.BaseClass - navigating to the doctors page
09:52:44.655 [main] INFO  factory.BaseClass - applying the filters
09:52:51.888 [main] INFO  factory.BaseClass - Applied Patient Stories
09:52:59.206 [main] INFO  factory.BaseClass - Applied Experience filter
09:53:13.919 [main] INFO  factory.BaseClass - Applied All Filters
09:53:16.977 [main] INFO  factory.BaseClass - Doctors are greater than 5
09:53:20.335 [main] INFO  factory.BaseClass - Sorted the doctors list
09:53:20.507 [main] INFO  factory.BaseClass - Getting the doctors details
09:53:23.190 [main] INFO  factory.BaseClass - printing the details in the excel
09:53:23.366 [main] INFO  factory.BaseClass - --------------- Fetching surgeries has Started ---------------------
09:53:27.361 [main] INFO  factory.BaseClass - Navigated to PRACTO Homepage
09:53:27.484 [main] INFO  factory.BaseClass - Navigating to the surgeries page
09:53:29.333 [main] INFO  factory.BaseClass - Clicked on Surgeries
09:53:29.572 [main] INFO  factory.BaseClass - scrolling down to the surgeries
09:53:33.999 [main] INFO  factory.BaseClass - printing the surgeries list in the excel
09:53:37.177 [main] INFO  factory.BaseClass - --------------- Verifying the schedule demo button has Started ---------------------
09:53:41.038 [main] INFO  factory.BaseClass - Navigated to PRACTO Homepage
09:53:41.241 [main] INFO  factory.BaseClass - navigating to the corporate
09:53:41.388 [main] INFO  factory.BaseClass - selecting heath and wellness
09:53:45.673 [main] INFO  factory.BaseClass - entering name and organisation in the demo form
09:53:47.878 [main] INFO  factory.BaseClass - choosing the organization size and interested option
09:53:52.080 [main] INFO  factory.BaseClass - verifying the phone field by giving invalid input format
09:53:52.080 [main] INFO  factory.BaseClass - verifying the email field with the invalid input no : 1
09:53:54.229 [main] INFO  factory.BaseClass - verifying the email field with the invalid input no : 2
09:53:56.406 [main] INFO  factory.BaseClass - verifying the email field with the invalid input no : 3
09:54:07.739 [main] INFO  factory.BaseClass - verifying the visibility of schedule a demo visibilty
09:54:12.000 [main] INFO  factory.BaseClass - --------------- Verifying the Thankyou message after applying for a demo has Started ---------------------
09:54:16.494 [main] INFO  factory.BaseClass - Navigated to PRACTO Homepage
09:54:16.681 [main] INFO  factory.BaseClass - navigating to the corporate
09:54:16.821 [main] INFO  factory.BaseClass - selecting heath and wellness
09:54:18.855 [main] INFO  factory.BaseClass - verifying with the valid inputs
09:54:21.094 [main] INFO  factory.BaseClass - choosing the organization size and interested option
09:54:25.363 [main] INFO  factory.BaseClass - verifying the phone field by giving invalid input format
09:54:25.363 [main] INFO  factory.BaseClass - verifying the mail field with the valid input : 1
09:54:27.500 [main] INFO  factory.BaseClass - verifying the mail field with the valid input : 2
09:54:29.642 [main] INFO  factory.BaseClass - verifying the mail field with the valid input : 3
09:54:31.801 [main] INFO  factory.BaseClass - verifying the mail field with the valid input : 4
09:54:38.635 [main] INFO  factory.BaseClass - verifying the visibility of schedule a demo visibilty
09:54:50.726 [main] INFO  factory.BaseClass - getting the success message
09:54:50.854 [main] INFO  factory.BaseClass - verifying the success message
09:54:51.030 [main] INFO  factory.BaseClass - Verified the Thank You message
10:38:44.686 [main] INFO  factory.BaseClass - Running through chrome
10:38:44.703 [main] INFO  factory.BaseClass - deleting all the cookies
10:38:44.711 [main] INFO  factory.BaseClass - applying the implicit wait
10:38:44.897 [main] INFO  factory.BaseClass - --------------- Fetching doctors details has Started ---------------------
10:38:51.324 [main] INFO  factory.BaseClass - Navigated to PRACTO Homepage
10:38:51.488 [main] INFO  factory.BaseClass - Entering the search data
10:38:55.940 [main] INFO  factory.BaseClass - Entered the City name
10:39:02.922 [main] INFO  factory.BaseClass - Entered the Speciality name
10:39:02.922 [main] INFO  factory.BaseClass - navigating to the doctors page
10:39:03.093 [main] INFO  factory.BaseClass - applying the filters
10:39:10.344 [main] INFO  factory.BaseClass - Applied Patient Stories
10:39:17.755 [main] INFO  factory.BaseClass - Applied Experience filter
10:39:32.441 [main] INFO  factory.BaseClass - Applied All Filters
10:39:35.507 [main] INFO  factory.BaseClass - Doctors are greater than 5
10:39:38.896 [main] INFO  factory.BaseClass - Sorted the doctors list
