21:41:20.699 [main] INFO  factory.BaseClass - --------------- Verifying the Thankyou message after applying for a demo ------------------- has Started
21:41:20.706 [main] INFO  factory.BaseClass - selecting heath and wellness
21:41:23.329 [main] INFO  factory.BaseClass - ------------------------- Verifying the Thankyou message after applying for a demo -------------------- has Successfully executed
21:41:23.330 [main] INFO  factory.BaseClass - --------------- Verifying the Thankyou message after applying for a demo ------------------- has Started
21:41:23.331 [main] INFO  factory.BaseClass - verifying with the valid inputs
21:41:25.851 [main] INFO  factory.BaseClass - choosing the organization size and interested option
21:41:30.231 [main] INFO  factory.BaseClass - verifying the phone field by giving invalid input format
21:41:30.231 [main] INFO  factory.BaseClass - verifying the mail field with the valid input : 1
21:41:32.538 [main] INFO  factory.BaseClass - verifying the mail field with the valid input : 2
21:41:34.815 [main] INFO  factory.BaseClass - verifying the mail field with the valid input : 3
21:41:37.091 [main] INFO  factory.BaseClass - verifying the mail field with the valid input : 4
21:41:44.530 [main] INFO  factory.BaseClass - ------------------------- Verifying the Thankyou message after applying for a demo -------------------- has Successfully executed
21:41:44.532 [main] INFO  factory.BaseClass - --------------- Verifying the Thankyou message after applying for a demo ------------------- has Started
21:41:44.532 [main] INFO  factory.BaseClass - verifying the visibility of schedule a demo visibilty
21:42:06.691 [main] INFO  factory.BaseClass - getting the success message
21:42:06.894 [main] INFO  factory.BaseClass - ------------------------- Verifying the Thankyou message after applying for a demo -------------------- has Successfully executed
21:42:06.894 [main] INFO  factory.BaseClass - --------------- Verifying the Thankyou message after applying for a demo ------------------- has Started
21:42:06.895 [main] INFO  factory.BaseClass - verifying the success message
21:42:07.374 [main] INFO  factory.BaseClass - ------------------------- Verifying the Thankyou message after applying for a demo -------------------- has Successfully executed
21:47:29.021 [main] INFO  factory.BaseClass - Running through chrome
21:47:29.040 [main] INFO  factory.BaseClass - deleting all the cookies
21:47:29.048 [main] INFO  factory.BaseClass - applying the implicit wait
21:47:29.449 [main] INFO  factory.BaseClass - --------------- Fetching doctors details ------------------- has Started
21:47:35.519 [main] INFO  factory.BaseClass - Navigated to PRACTO Homepage
21:47:35.769 [main] INFO  factory.BaseClass - ----------- 22 -------------------- has Successfully executed
21:47:35.771 [main] INFO  factory.BaseClass - Entering the search data
21:47:48.182 [main] INFO  factory.BaseClass - navigating to the doctors page
21:47:48.466 [main] INFO  factory.BaseClass - ----------- 22 -------------------- has Successfully executed
21:47:48.468 [main] INFO  factory.BaseClass - applying the filters
21:48:09.572 [main] INFO  factory.BaseClass - ----------- 22 -------------------- has Successfully executed
21:48:09.658 [main] INFO  factory.BaseClass - --------------- Fetching surgeries ------------------- has Started
21:48:14.212 [main] INFO  factory.BaseClass - Navigated to PRACTO Homepage
21:48:14.401 [main] INFO  factory.BaseClass - ----------- 22 -------------------- has Successfully executed
21:48:14.403 [main] INFO  factory.BaseClass - navigating to the surgeries page
21:48:16.173 [main] INFO  factory.BaseClass - ----------- 22 -------------------- has Successfully executed
21:48:16.175 [main] INFO  factory.BaseClass - scrolling down to the surgeries
21:48:22.855 [main] INFO  factory.BaseClass - ----------- 22 -------------------- has Successfully executed
21:48:22.895 [main] INFO  factory.BaseClass - --------------- Verifying the schedule demo button ------------------- has Started
21:48:27.160 [main] INFO  factory.BaseClass - Navigated to PRACTO Homepage
21:48:27.380 [main] INFO  factory.BaseClass - ----------- 22 -------------------- has Successfully executed
21:48:27.478 [main] INFO  factory.BaseClass - navigating to the corporate
21:48:27.720 [main] INFO  factory.BaseClass - ----------- 22 -------------------- has Successfully executed
21:48:27.722 [main] INFO  factory.BaseClass - selecting heath and wellness
21:48:33.275 [main] INFO  factory.BaseClass - ----------- 22 -------------------- has Successfully executed
21:48:33.276 [main] INFO  factory.BaseClass - entering name and organisation in the demo form
21:48:35.779 [main] INFO  factory.BaseClass - choosing the organization size and interested option
21:48:40.204 [main] INFO  factory.BaseClass - verifying the phone field by giving invalid input format
21:48:40.204 [main] INFO  factory.BaseClass - verifying the email field with the invalid input no : 1
