22:21:58.567 [main] INFO  factory.BaseClass - verifying the mail field with the valid input : 1
22:22:00.964 [main] INFO  factory.BaseClass - verifying the mail field with the valid input : 2
22:22:03.267 [main] INFO  factory.BaseClass - verifying the mail field with the valid input : 3
22:22:05.533 [main] INFO  factory.BaseClass - verifying the mail field with the valid input : 4
22:22:13.057 [main] INFO  factory.BaseClass - verifying the visibility of schedule a demo visibilty
22:22:35.249 [main] INFO  factory.BaseClass - getting the success message
22:22:35.544 [main] INFO  factory.BaseClass - verifying the success message
22:22:35.906 [main] INFO  factory.BaseClass - Verified the Thank You message
22:27:21.579 [main] INFO  factory.BaseClass - Running through chrome
22:27:21.604 [main] INFO  factory.BaseClass - deleting all the cookies
22:27:21.615 [main] INFO  factory.BaseClass - applying the implicit wait
22:27:22.022 [main] INFO  factory.BaseClass - --------------- Fetching doctors details has Started ---------------------
22:27:28.777 [main] INFO  factory.BaseClass - Navigated to PRACTO Homepage
22:27:29.038 [main] INFO  factory.BaseClass - Entering the search data
22:27:33.949 [main] INFO  factory.BaseClass - Entered the City name
22:27:41.313 [main] INFO  factory.BaseClass - Entered the Speciality name
22:27:41.315 [main] INFO  factory.BaseClass - navigating to the doctors page
22:27:41.569 [main] INFO  factory.BaseClass - applying the filters
22:27:49.020 [main] INFO  factory.BaseClass - Applied Patient Stories
22:27:56.903 [main] INFO  factory.BaseClass - Applied Experience filter
22:28:12.433 [main] INFO  factory.BaseClass - Applied All Filters
22:28:15.506 [main] INFO  factory.BaseClass - Doctors are greater than 5
22:28:19.984 [main] INFO  factory.BaseClass - Sorted the doctors list
22:28:20.231 [main] INFO  factory.BaseClass - Getting the doctors details
22:28:23.560 [main] INFO  factory.BaseClass - printing the details in the excel
22:28:23.807 [main] INFO  factory.BaseClass - --------------- Fetching surgeries has Started ---------------------
22:28:28.803 [main] INFO  factory.BaseClass - Navigated to PRACTO Homepage
22:28:29.009 [main] INFO  factory.BaseClass - Navigating to the surgeries page
22:28:31.514 [main] INFO  factory.BaseClass - Clicked on Surgeries
22:28:32.144 [main] INFO  factory.BaseClass - scrolling down to the surgeries
22:28:38.652 [main] INFO  factory.BaseClass - printing the surgeries list in the excel
22:28:41.987 [main] INFO  factory.BaseClass - --------------- Verifying the schedule demo button has Started ---------------------
22:28:46.287 [main] INFO  factory.BaseClass - Navigated to PRACTO Homepage
22:28:46.627 [main] INFO  factory.BaseClass - navigating to the corporate
22:28:46.848 [main] INFO  factory.BaseClass - selecting heath and wellness
22:28:54.838 [main] INFO  factory.BaseClass - entering name and organisation in the demo form
22:28:57.288 [main] INFO  factory.BaseClass - choosing the organization size and interested option
22:29:01.741 [main] INFO  factory.BaseClass - verifying the phone field by giving invalid input format
22:29:01.741 [main] INFO  factory.BaseClass - verifying the email field with the invalid input no : 1
22:29:04.020 [main] INFO  factory.BaseClass - verifying the email field with the invalid input no : 2
22:29:06.445 [main] INFO  factory.BaseClass - verifying the email field with the invalid input no : 3
22:29:18.648 [main] INFO  factory.BaseClass - verifying the visibility of schedule a demo visibilty
22:29:23.098 [main] INFO  factory.BaseClass - --------------- Verifying the Thankyou message after applying for a demo has Started ---------------------
22:29:28.220 [main] INFO  factory.BaseClass - Navigated to PRACTO Homepage
22:29:28.549 [main] INFO  factory.BaseClass - navigating to the corporate
22:29:28.753 [main] INFO  factory.BaseClass - selecting heath and wellness
22:29:31.854 [main] INFO  factory.BaseClass - verifying with the valid inputs
22:29:34.376 [main] INFO  factory.BaseClass - choosing the organization size and interested option
22:29:38.750 [main] INFO  factory.BaseClass - verifying the phone field by giving invalid input format
22:29:38.751 [main] INFO  factory.BaseClass - verifying the mail field with the valid input : 1
22:29:40.988 [main] INFO  factory.BaseClass - verifying the mail field with the valid input : 2
22:29:43.243 [main] INFO  factory.BaseClass - verifying the mail field with the valid input : 3
22:29:45.564 [main] INFO  factory.BaseClass - verifying the mail field with the valid input : 4
22:29:53.106 [main] INFO  factory.BaseClass - verifying the visibility of schedule a demo visibilty
22:30:15.326 [main] INFO  factory.BaseClass - getting the success message
22:30:15.552 [main] INFO  factory.BaseClass - verifying the success message
22:30:15.878 [main] INFO  factory.BaseClass - Verified the Thank You message
22:36:14.316 [main] INFO  factory.BaseClass - Running through chrome
