21:59:59.972 [main] INFO  factory.BaseClass - navigating to the corporate
22:00:00.231 [main] INFO  factory.BaseClass - selecting heath and wellness
22:00:06.774 [main] INFO  factory.BaseClass - entering name and organisation in the demo form
22:00:09.144 [main] INFO  factory.BaseClass - choosing the organization size and interested option
22:00:13.531 [main] INFO  factory.BaseClass - verifying the phone field by giving invalid input format
22:00:13.531 [main] INFO  factory.BaseClass - verifying the email field with the invalid input no : 1
22:00:15.831 [main] INFO  factory.BaseClass - verifying the email field with the invalid input no : 2
22:00:18.217 [main] INFO  factory.BaseClass - verifying the email field with the invalid input no : 3
22:00:30.371 [main] INFO  factory.BaseClass - verifying the visibility of schedule a demo visibilty
22:00:34.807 [main] INFO  factory.BaseClass - --------------- Verifying the Thankyou message after applying for a demo ------------------- has Started
22:00:39.513 [main] INFO  factory.BaseClass - Navigated to PRACTO Homepage
22:00:39.809 [main] INFO  factory.BaseClass - navigating to the corporate
22:00:40.022 [main] INFO  factory.BaseClass - selecting heath and wellness
22:00:43.355 [main] INFO  factory.BaseClass - verifying with the valid inputs
22:00:45.778 [main] INFO  factory.BaseClass - choosing the organization size and interested option
22:00:50.197 [main] INFO  factory.BaseClass - verifying the phone field by giving invalid input format
22:00:50.197 [main] INFO  factory.BaseClass - verifying the mail field with the valid input : 1
22:00:52.473 [main] INFO  factory.BaseClass - verifying the mail field with the valid input : 2
22:00:54.810 [main] INFO  factory.BaseClass - verifying the mail field with the valid input : 3
22:00:57.160 [main] INFO  factory.BaseClass - verifying the mail field with the valid input : 4
22:01:04.677 [main] INFO  factory.BaseClass - verifying the visibility of schedule a demo visibilty
22:01:26.879 [main] INFO  factory.BaseClass - getting the success message
22:01:27.063 [main] INFO  factory.BaseClass - verifying the success message
22:20:04.958 [main] INFO  factory.BaseClass - Running through chrome
22:20:04.989 [main] INFO  factory.BaseClass - deleting all the cookies
22:20:05.001 [main] INFO  factory.BaseClass - applying the implicit wait
22:20:05.567 [main] INFO  factory.BaseClass - --------------- Fetching doctors details has Started ---------------------
22:20:12.349 [main] INFO  factory.BaseClass - Navigated to PRACTO Homepage
22:20:12.625 [main] INFO  factory.BaseClass - Entering the search data
22:20:17.485 [main] INFO  factory.BaseClass - Entered the City name
22:20:25.501 [main] INFO  factory.BaseClass - Entered the Speciality name
22:20:25.501 [main] INFO  factory.BaseClass - navigating to the doctors page
22:20:25.815 [main] INFO  factory.BaseClass - applying the filters
22:20:47.948 [main] INFO  factory.BaseClass - --------------- Fetching surgeries has Started ---------------------
22:20:52.275 [main] INFO  factory.BaseClass - Navigated to PRACTO Homepage
22:20:52.530 [main] INFO  factory.BaseClass - Navigating to the surgeries page
22:20:54.164 [main] INFO  factory.BaseClass - Clicked on Surgeries
22:20:54.807 [main] INFO  factory.BaseClass - scrolling down to the surgeries
22:21:02.444 [main] INFO  factory.BaseClass - --------------- Verifying the schedule demo button has Started ---------------------
22:21:06.738 [main] INFO  factory.BaseClass - Navigated to PRACTO Homepage
22:21:07.089 [main] INFO  factory.BaseClass - navigating to the corporate
22:21:07.291 [main] INFO  factory.BaseClass - selecting heath and wellness
22:21:14.011 [main] INFO  factory.BaseClass - entering name and organisation in the demo form
22:21:16.400 [main] INFO  factory.BaseClass - choosing the organization size and interested option
22:21:20.876 [main] INFO  factory.BaseClass - verifying the phone field by giving invalid input format
22:21:20.876 [main] INFO  factory.BaseClass - verifying the email field with the invalid input no : 1
22:21:23.195 [main] INFO  factory.BaseClass - verifying the email field with the invalid input no : 2
22:21:25.680 [main] INFO  factory.BaseClass - verifying the email field with the invalid input no : 3
22:21:37.947 [main] INFO  factory.BaseClass - verifying the visibility of schedule a demo visibilty
22:21:42.526 [main] INFO  factory.BaseClass - --------------- Verifying the Thankyou message after applying for a demo has Started ---------------------
22:21:47.668 [main] INFO  factory.BaseClass - Navigated to PRACTO Homepage
22:21:48.026 [main] INFO  factory.BaseClass - navigating to the corporate
22:21:48.278 [main] INFO  factory.BaseClass - selecting heath and wellness
22:21:51.740 [main] INFO  factory.BaseClass - verifying with the valid inputs
22:21:54.207 [main] INFO  factory.BaseClass - choosing the organization size and interested option
22:21:58.566 [main] INFO  factory.BaseClass - verifying the phone field by giving invalid input format
