22:12:17.790 [main] INFO  factory.BaseClass - Navigating to the surgeries page
22:12:24.796 [main] INFO  factory.BaseClass - scrolling down to the surgeries
22:12:35.322 [main] INFO  factory.BaseClass - printing the surgeries list in the excel
22:12:38.753 [main] INFO  factory.BaseClass - --------------- Verifying the schedule demo button has Started ---------------------
22:12:43.517 [main] INFO  factory.BaseClass - Navigated to PRACTO Homepage
22:12:44.004 [main] INFO  factory.BaseClass - navigating to the corporate
22:12:44.334 [main] INFO  factory.BaseClass - selecting heath and wellness
22:12:54.776 [main] INFO  factory.BaseClass - entering name and organisation in the demo form
22:13:07.162 [main] INFO  factory.BaseClass - choosing the organization size and interested option
22:13:21.333 [main] INFO  factory.BaseClass - verifying the phone field by giving invalid input format
22:13:21.334 [main] INFO  factory.BaseClass - verifying the email field with the invalid input no : 
22:13:46.474 [main] INFO  factory.BaseClass - verifying the visibility of schedule a demo visibilty
22:13:55.924 [main] INFO  factory.BaseClass - --------------- Verifying the Thankyou message after applying for a demo has Started ---------------------
22:14:01.235 [main] INFO  factory.BaseClass - Navigated to PRACTO Homepage
22:14:01.544 [main] INFO  factory.BaseClass - navigating to the corporate
22:14:01.732 [main] INFO  factory.BaseClass - selecting heath and wellness
22:14:04.573 [main] INFO  factory.BaseClass - verifying with the valid inputs
22:14:16.915 [main] INFO  factory.BaseClass - choosing the organization size and interested option
22:14:31.070 [main] INFO  factory.BaseClass - verifying the phone field by giving invalid input format
22:14:31.071 [main] INFO  factory.BaseClass - verifying the mail field with the valid input : 
22:14:58.065 [main] INFO  factory.BaseClass - verifying the visibility of schedule a demo visibilty
22:29:05.605 [main] INFO  factory.BaseClass - Running through chrome
22:29:05.652 [main] INFO  factory.BaseClass - deleting all the cookies
22:29:05.670 [main] INFO  factory.BaseClass - applying the implicit wait
22:29:06.438 [main] INFO  factory.BaseClass - --------------- Fetching doctors details has Started ---------------------
22:29:13.233 [main] INFO  factory.BaseClass - Navigated to PRACTO Homepage
22:29:13.475 [main] INFO  factory.BaseClass - Entering the search data
22:29:20.711 [main] INFO  factory.BaseClass - Entered the City name
22:29:28.940 [main] INFO  factory.BaseClass - Entered the Speciality name
22:29:28.941 [main] INFO  factory.BaseClass - navigating to the doctors page
22:29:34.427 [main] INFO  factory.BaseClass - applying the filters
22:29:42.150 [main] INFO  factory.BaseClass - Applied Patient Stories
22:29:50.928 [main] INFO  factory.BaseClass - Applied Experience filter
22:30:09.444 [main] INFO  factory.BaseClass - Applied All Filters
22:30:12.894 [main] INFO  factory.BaseClass - Doctors are greater than 5
22:30:18.841 [main] INFO  factory.BaseClass - Sorted the doctors list
22:30:19.003 [main] INFO  factory.BaseClass - Getting the doctors details
22:30:23.284 [main] INFO  factory.BaseClass - printing the details in the excel
22:30:23.495 [main] INFO  factory.BaseClass - --------------- Fetching surgeries has Started ---------------------
22:30:28.202 [main] INFO  factory.BaseClass - Navigated to PRACTO Homepage
22:30:28.348 [main] INFO  factory.BaseClass - Navigating to the surgeries page
22:30:34.229 [main] INFO  factory.BaseClass - scrolling down to the surgeries
22:30:42.684 [main] INFO  factory.BaseClass - printing the surgeries list in the excel
22:30:45.943 [main] INFO  factory.BaseClass - --------------- Verifying the schedule demo button has Started ---------------------
22:30:50.127 [main] INFO  factory.BaseClass - Navigated to PRACTO Homepage
22:30:50.452 [main] INFO  factory.BaseClass - navigating to the corporate
22:30:50.600 [main] INFO  factory.BaseClass - selecting heath and wellness
22:30:55.672 [main] INFO  factory.BaseClass - entering name and organisation in the demo form
22:31:08.045 [main] INFO  factory.BaseClass - choosing the organization size and interested option
22:31:22.230 [main] INFO  factory.BaseClass - verifying the phone field by giving invalid input format
22:31:22.230 [main] INFO  factory.BaseClass - verifying the email field with the invalid input no : 
22:31:47.191 [main] INFO  factory.BaseClass - verifying the visibility of schedule a demo visibilty
22:31:56.594 [main] INFO  factory.BaseClass - --------------- Verifying the Thankyou message after applying for a demo has Started ---------------------
22:32:01.616 [main] INFO  factory.BaseClass - Navigated to PRACTO Homepage
22:32:01.976 [main] INFO  factory.BaseClass - navigating to the corporate
22:32:02.173 [main] INFO  factory.BaseClass - selecting heath and wellness
22:32:05.261 [main] INFO  factory.BaseClass - verifying with the valid inputs
