21:48:42.450 [main] INFO  factory.BaseClass - verifying the email field with the invalid input no : 2
21:48:44.849 [main] INFO  factory.BaseClass - verifying the email field with the invalid input no : 3
21:48:57.275 [main] INFO  factory.BaseClass - ----------- 22 -------------------- has Successfully executed
21:48:57.277 [main] INFO  factory.BaseClass - verifying the visibility of schedule a demo visibilty
21:49:01.939 [main] INFO  factory.BaseClass - ----------- 22 -------------------- has Successfully executed
21:49:01.949 [main] INFO  factory.BaseClass - --------------- Verifying the Thankyou message after applying for a demo ------------------- has Started
21:49:07.331 [main] INFO  factory.BaseClass - Navigated to PRACTO Homepage
21:49:07.548 [main] INFO  factory.BaseClass - ----------- 29 -------------------- has Successfully executed
21:49:07.685 [main] INFO  factory.BaseClass - navigating to the corporate
21:49:07.938 [main] INFO  factory.BaseClass - ----------- 29 -------------------- has Successfully executed
21:49:07.939 [main] INFO  factory.BaseClass - selecting heath and wellness
21:49:10.863 [main] INFO  factory.BaseClass - ----------- 29 -------------------- has Successfully executed
21:49:10.864 [main] INFO  factory.BaseClass - verifying with the valid inputs
21:49:13.290 [main] INFO  factory.BaseClass - choosing the organization size and interested option
21:49:17.729 [main] INFO  factory.BaseClass - verifying the phone field by giving invalid input format
21:49:17.730 [main] INFO  factory.BaseClass - verifying the mail field with the valid input : 1
21:49:20.025 [main] INFO  factory.BaseClass - verifying the mail field with the valid input : 2
21:49:22.287 [main] INFO  factory.BaseClass - verifying the mail field with the valid input : 3
21:49:24.592 [main] INFO  factory.BaseClass - verifying the mail field with the valid input : 4
21:49:33.540 [main] INFO  factory.BaseClass - ----------- 29 -------------------- has Successfully executed
21:49:33.541 [main] INFO  factory.BaseClass - verifying the visibility of schedule a demo visibilty
21:49:55.742 [main] INFO  factory.BaseClass - getting the success message
21:49:55.935 [main] INFO  factory.BaseClass - ----------- 29 -------------------- has Successfully executed
21:49:55.935 [main] INFO  factory.BaseClass - verifying the success message
21:49:56.362 [main] INFO  factory.BaseClass - ----------- 29 -------------------- has Successfully executed
21:56:44.891 [main] INFO  factory.BaseClass - Running through chrome
21:56:44.915 [main] INFO  factory.BaseClass - deleting all the cookies
21:56:44.926 [main] INFO  factory.BaseClass - applying the implicit wait
21:56:45.329 [main] INFO  factory.BaseClass - --------------- Fetching doctors details ------------------- has Started
21:56:54.008 [main] INFO  factory.BaseClass - Navigated to PRACTO Homepage
21:56:54.298 [main] INFO  factory.BaseClass - Entering the search data
21:57:06.833 [main] INFO  factory.BaseClass - navigating to the doctors page
21:57:07.059 [main] INFO  factory.BaseClass - applying the filters
21:58:19.728 [main] INFO  factory.BaseClass - --------------- Fetching surgeries ------------------- has Started
21:58:19.785 [main] INFO  factory.BaseClass - --------------- Verifying the schedule demo button ------------------- has Started
21:58:19.829 [main] INFO  factory.BaseClass - --------------- Verifying the Thankyou message after applying for a demo ------------------- has Started
21:58:34.571 [main] INFO  factory.BaseClass - Running through chrome
21:58:34.605 [main] INFO  factory.BaseClass - deleting all the cookies
21:58:34.618 [main] INFO  factory.BaseClass - applying the implicit wait
21:58:35.032 [main] INFO  factory.BaseClass - --------------- Fetching doctors details ------------------- has Started
21:58:42.524 [main] INFO  factory.BaseClass - Navigated to PRACTO Homepage
21:58:42.789 [main] INFO  factory.BaseClass - Entering the search data
21:58:55.260 [main] INFO  factory.BaseClass - navigating to the doctors page
21:58:55.533 [main] INFO  factory.BaseClass - applying the filters
21:59:34.171 [main] INFO  factory.BaseClass - applied all the filters
21:59:34.425 [main] INFO  factory.BaseClass - getting the doctors details
21:59:37.577 [main] INFO  factory.BaseClass - printing the details in the excel
21:59:37.827 [main] INFO  factory.BaseClass - --------------- Fetching surgeries ------------------- has Started
21:59:42.608 [main] INFO  factory.BaseClass - Navigated to PRACTO Homepage
21:59:42.808 [main] INFO  factory.BaseClass - navigating to the surgeries page
21:59:45.540 [main] INFO  factory.BaseClass - scrolling down to the surgeries
21:59:52.016 [main] INFO  factory.BaseClass - printing the surgeries list in the excel
21:59:55.346 [main] INFO  factory.BaseClass - --------------- Verifying the schedule demo button ------------------- has Started
21:59:59.638 [main] INFO  factory.BaseClass - Navigated to PRACTO Homepage
