15:24:20.974 [main] INFO  factory.BaseClass - verifying the phone field by giving invalid input format
15:24:20.979 [main] INFO  factory.BaseClass - verifying the mail field with the valid input : 1
15:24:23.151 [main] INFO  factory.BaseClass - verifying the mail field with the valid input : 2
15:24:25.299 [main] INFO  factory.BaseClass - verifying the mail field with the valid input : 3
15:24:27.445 [main] INFO  factory.BaseClass - verifying the mail field with the valid input : 4
15:24:32.142 [main] INFO  factory.BaseClass - verifying the visibility of schedule a demo visibilty
15:27:09.895 [main] INFO  factory.BaseClass - Running through chrome
15:27:09.918 [main] INFO  factory.BaseClass - deleting all the cookies
15:27:09.924 [main] INFO  factory.BaseClass - applying the implicit wait
15:27:15.889 [main] INFO  factory.BaseClass - Navigated to PRACTO Homepage
15:27:16.050 [main] INFO  factory.BaseClass - Entering the search data
15:27:36.721 [main] INFO  factory.BaseClass - navigating to the doctors page
15:27:36.877 [main] INFO  factory.BaseClass - applying the filters
15:28:48.719 [main] INFO  factory.BaseClass - applied all the filters
15:28:48.842 [main] INFO  factory.BaseClass - getting the doctors details
15:28:49.521 [main] INFO  factory.BaseClass - printing the details in the excel
15:28:54.111 [main] INFO  factory.BaseClass - Navigated to PRACTO Homepage
15:28:54.240 [main] INFO  factory.BaseClass - navigating to the surgeries page
15:28:55.885 [main] INFO  factory.BaseClass - scrolling down to the surgeries
15:28:59.542 [main] INFO  factory.BaseClass - printing the surgeries list in the excel
15:29:07.142 [main] INFO  factory.BaseClass - Navigated to PRACTO Homepage
15:29:07.348 [main] INFO  factory.BaseClass - navigating to the corporate
15:29:07.492 [main] INFO  factory.BaseClass - selecting heath and wellness
15:29:12.235 [main] INFO  factory.BaseClass - entering name and organisation in the demo form
15:29:14.456 [main] INFO  factory.BaseClass - choosing the organization size and interested option
15:29:18.689 [main] INFO  factory.BaseClass - verifying the phone field by giving invalid input format
15:29:18.689 [main] INFO  factory.BaseClass - verifying the email field with the invalid input no : 1
15:29:20.838 [main] INFO  factory.BaseClass - verifying the email field with the invalid input no : 2
15:29:23.020 [main] INFO  factory.BaseClass - verifying the email field with the invalid input no : 3
15:29:36.362 [main] INFO  factory.BaseClass - verifying the visibility of schedule a demo visibilty
15:29:44.954 [main] INFO  factory.BaseClass - Navigated to PRACTO Homepage
15:29:45.148 [main] INFO  factory.BaseClass - navigating to the corporate
15:29:45.309 [main] INFO  factory.BaseClass - selecting heath and wellness
15:29:47.372 [main] INFO  factory.BaseClass - verifying with the valid inputs
15:29:49.560 [main] INFO  factory.BaseClass - choosing the organization size and interested option
15:29:53.735 [main] INFO  factory.BaseClass - verifying the phone field by giving invalid input format
15:29:53.735 [main] INFO  factory.BaseClass - verifying the mail field with the valid input : 1
15:29:55.886 [main] INFO  factory.BaseClass - verifying the mail field with the valid input : 2
15:29:58.024 [main] INFO  factory.BaseClass - verifying the mail field with the valid input : 3
15:30:00.202 [main] INFO  factory.BaseClass - verifying the mail field with the valid input : 4
15:30:04.894 [main] INFO  factory.BaseClass - verifying the visibility of schedule a demo visibilty
15:34:44.509 [main] INFO  factory.BaseClass - Running through chrome
15:34:44.543 [main] INFO  factory.BaseClass - deleting all the cookies
15:34:44.548 [main] INFO  factory.BaseClass - applying the implicit wait
15:34:56.938 [main] INFO  factory.BaseClass - Running through chrome
15:34:56.971 [main] INFO  factory.BaseClass - deleting all the cookies
15:34:56.976 [main] INFO  factory.BaseClass - applying the implicit wait
15:36:35.493 [main] INFO  factory.BaseClass - Running through chrome
15:36:35.508 [main] INFO  factory.BaseClass - deleting all the cookies
15:36:35.515 [main] INFO  factory.BaseClass - applying the implicit wait
15:36:41.751 [main] INFO  factory.BaseClass - Navigated to PRACTO Homepage
15:36:41.998 [main] INFO  factory.BaseClass - navigating to the corporate
15:36:42.162 [main] INFO  factory.BaseClass - selecting heath and wellness
15:36:46.436 [main] INFO  factory.BaseClass - entering name and organisation in the demo form
15:36:49.067 [main] INFO  factory.BaseClass - choosing the organization size and interested option
15:36:53.312 [main] INFO  factory.BaseClass - verifying the phone field by giving invalid input format
15:36:53.312 [main] INFO  factory.BaseClass - verifying the email field with the invalid input no : 1
15:36:55.498 [main] INFO  factory.BaseClass - verifying the email field with the invalid input no : 2
15:36:57.647 [main] INFO  factory.BaseClass - verifying the email field with the invalid input no : 3
