00:04:19.519 [main] INFO  factory.BaseClass - verifying the email field with the invalid input no : 1
00:04:21.985 [main] INFO  factory.BaseClass - verifying the email field with the invalid input no : 2
00:04:24.327 [main] INFO  factory.BaseClass - verifying the email field with the invalid input no : 3
00:04:37.198 [main] INFO  factory.BaseClass - verifying the visibility of schedule a demo visibilty
00:04:41.728 [main] INFO  factory.BaseClass - --------------- Verifying the Thankyou message after applying for a demo has Started ---------------------
00:04:46.519 [main] INFO  factory.BaseClass - Navigated to PRACTO Homepage
00:04:46.872 [main] INFO  factory.BaseClass - navigating to the corporate
00:04:47.127 [main] INFO  factory.BaseClass - selecting heath and wellness
00:04:50.211 [main] INFO  factory.BaseClass - verifying with the valid inputs
00:04:52.641 [main] INFO  factory.BaseClass - choosing the organization size and interested option
00:04:57.060 [main] INFO  factory.BaseClass - verifying the phone field by giving invalid input format
00:04:57.060 [main] INFO  factory.BaseClass - verifying the mail field with the valid input : 1
00:04:59.483 [main] INFO  factory.BaseClass - verifying the mail field with the valid input : 2
00:05:01.840 [main] INFO  factory.BaseClass - verifying the mail field with the valid input : 3
00:05:04.249 [main] INFO  factory.BaseClass - verifying the mail field with the valid input : 4
00:05:12.014 [main] INFO  factory.BaseClass - verifying the visibility of schedule a demo visibilty
00:05:24.176 [main] INFO  factory.BaseClass - getting the success message
00:05:24.436 [main] INFO  factory.BaseClass - verifying the success message
00:05:24.830 [main] INFO  factory.BaseClass - Verified the Thank You message
11:05:53.897 [main] INFO  factory.BaseClass - Running through chrome
11:05:53.931 [main] INFO  factory.BaseClass - deleting all the cookies
11:05:53.944 [main] INFO  factory.BaseClass - applying the implicit wait
11:05:54.352 [main] INFO  factory.BaseClass - --------------- Fetching doctors details has Started ---------------------
11:06:01.333 [main] INFO  factory.BaseClass - Running through chrome
11:06:01.352 [main] INFO  factory.BaseClass - deleting all the cookies
11:06:01.359 [main] INFO  factory.BaseClass - applying the implicit wait
11:06:01.629 [main] INFO  factory.BaseClass - --------------- Fetching doctors details has Started ---------------------
11:06:39.343 [main] INFO  factory.BaseClass - Navigated to PRACTO Homepage
11:06:39.457 [main] INFO  factory.BaseClass - Entering the search data
11:06:44.137 [main] INFO  factory.BaseClass - Navigated to PRACTO Homepage
11:06:44.267 [main] INFO  factory.BaseClass - Entering the search data
11:06:45.913 [main] INFO  factory.BaseClass - Entered the City name
11:06:50.748 [main] INFO  factory.BaseClass - Entered the City name
11:06:52.334 [main] INFO  factory.BaseClass - Entered the Speciality name
11:06:52.334 [main] INFO  factory.BaseClass - navigating to the doctors page
11:06:56.495 [main] INFO  factory.BaseClass - Entered the Speciality name
11:06:56.495 [main] INFO  factory.BaseClass - navigating to the doctors page
11:06:57.559 [main] INFO  factory.BaseClass - applying the filters
11:07:01.738 [main] INFO  factory.BaseClass - applying the filters
11:07:04.855 [main] INFO  factory.BaseClass - Applied Patient Stories
11:07:09.061 [main] INFO  factory.BaseClass - Applied Patient Stories
11:07:12.233 [main] INFO  factory.BaseClass - Applied Experience filter
11:07:16.346 [main] INFO  factory.BaseClass - Applied Experience filter
11:07:26.591 [main] INFO  factory.BaseClass - Applied All Filters
11:07:29.646 [main] INFO  factory.BaseClass - Doctors are greater than 5
11:07:31.113 [main] INFO  factory.BaseClass - Applied All Filters
11:07:33.897 [main] INFO  factory.BaseClass - Sorted the doctors list
11:07:33.985 [main] INFO  factory.BaseClass - Getting the doctors details
11:07:34.152 [main] INFO  factory.BaseClass - Doctors are greater than 5
11:07:36.886 [main] INFO  factory.BaseClass - printing the details in the excel
11:07:36.980 [main] INFO  factory.BaseClass - --------------- Fetching surgeries has Started ---------------------
11:07:38.666 [main] INFO  factory.BaseClass - Sorted the doctors list
11:07:38.754 [main] INFO  factory.BaseClass - Getting the doctors details
11:07:41.696 [main] INFO  factory.BaseClass - printing the details in the excel
11:07:41.802 [main] INFO  factory.BaseClass - --------------- Fetching surgeries has Started ---------------------
11:08:19.021 [main] INFO  factory.BaseClass - Navigated to PRACTO Homepage
11:08:19.100 [main] INFO  factory.BaseClass - Navigating to the surgeries page
11:08:19.128 [main] INFO  factory.BaseClass - Clicked on Surgeries
11:08:19.161 [main] INFO  factory.BaseClass - --------------- Verifying the schedule demo button has Started ---------------------
11:08:23.670 [main] INFO  factory.BaseClass - Navigated to PRACTO Homepage
11:08:23.747 [main] INFO  factory.BaseClass - Navigating to the surgeries page
11:08:23.778 [main] INFO  factory.BaseClass - Clicked on Surgeries
11:08:23.811 [main] INFO  factory.BaseClass - --------------- Verifying the schedule demo button has Started ---------------------
11:09:00.927 [main] INFO  factory.BaseClass - Navigated to PRACTO Homepage
11:09:01.068 [main] INFO  factory.BaseClass - navigating to the corporate
11:09:01.150 [main] INFO  factory.BaseClass - selecting heath and wellness
11:09:05.549 [main] INFO  factory.BaseClass - Navigated to PRACTO Homepage
11:09:05.692 [main] INFO  factory.BaseClass - navigating to the corporate
11:09:05.783 [main] INFO  factory.BaseClass - selecting heath and wellness
11:09:42.994 [main] INFO  factory.BaseClass - entering name and organisation in the demo form
11:09:45.119 [main] INFO  factory.BaseClass - entering name and organisation in the demo form
11:10:03.986 [main] INFO  factory.BaseClass - --------------- Verifying the Thankyou message after applying for a demo has Started ---------------------
11:10:06.054 [main] INFO  factory.BaseClass - --------------- Verifying the Thankyou message after applying for a demo has Started ---------------------
11:10:45.890 [main] INFO  factory.BaseClass - Navigated to PRACTO Homepage
11:10:46.022 [main] INFO  factory.BaseClass - navigating to the corporate
11:10:46.109 [main] INFO  factory.BaseClass - selecting heath and wellness
11:10:47.827 [main] INFO  factory.BaseClass - Navigated to PRACTO Homepage
11:10:47.975 [main] INFO  factory.BaseClass - navigating to the corporate
11:10:48.057 [main] INFO  factory.BaseClass - selecting heath and wellness
11:11:25.315 [main] INFO  factory.BaseClass - verifying with the valid inputs
11:11:27.216 [main] INFO  factory.BaseClass - verifying with the valid inputs
