15:32:53.360 [main] INFO  factory.BaseClass - choosing the organization size and interested option
15:32:57.891 [main] INFO  factory.BaseClass - verifying the phone field by giving invalid input format
15:32:57.892 [main] INFO  factory.BaseClass - verifying the email field with the invalid input no : 1
15:33:00.369 [main] INFO  factory.BaseClass - verifying the email field with the invalid input no : 2
15:33:02.856 [main] INFO  factory.BaseClass - verifying the email field with the invalid input no : 3
15:33:16.661 [main] INFO  factory.BaseClass - verifying the visibility of schedule a demo visibilty
15:33:50.890 [main] INFO  factory.BaseClass - Running through chrome
15:33:50.916 [main] INFO  factory.BaseClass - deleting all the cookies
15:33:50.925 [main] INFO  factory.BaseClass - applying the implicit wait
15:34:02.242 [main] INFO  factory.BaseClass - Navigated to PRACTO Homepage
15:34:02.760 [main] INFO  factory.BaseClass - navigating to the corporate
15:34:03.094 [main] INFO  factory.BaseClass - selecting heath and wellness
15:34:18.189 [main] INFO  factory.BaseClass - verifying with the valid inputs
15:34:20.728 [main] INFO  factory.BaseClass - choosing the organization size and interested option
15:34:25.197 [main] INFO  factory.BaseClass - verifying the phone field by giving invalid input format
15:34:25.197 [main] INFO  factory.BaseClass - verifying the mail field with the valid input : 1
15:34:27.550 [main] INFO  factory.BaseClass - verifying the mail field with the valid input : 2
15:34:29.938 [main] INFO  factory.BaseClass - verifying the mail field with the valid input : 3
15:34:32.259 [main] INFO  factory.BaseClass - verifying the mail field with the valid input : 4
15:34:40.374 [main] INFO  factory.BaseClass - verifying the visibility of schedule a demo visibilty
15:34:52.543 [main] INFO  factory.BaseClass - getting the success message
15:34:52.822 [main] INFO  factory.BaseClass - verifying the success message
15:34:53.164 [main] INFO  factory.BaseClass - Verified the Thank You message
16:16:37.752 [main] INFO  factory.BaseClass - deleting all the cookies
16:16:37.767 [main] INFO  factory.BaseClass - applying the implicit wait
16:16:43.768 [main] INFO  factory.BaseClass - Navigated to PRACTO Homepage
16:16:43.965 [main] INFO  factory.BaseClass - Entering the search data
16:16:50.600 [main] INFO  factory.BaseClass - Entered the City name
16:16:57.906 [main] INFO  factory.BaseClass - Entered the Speciality name
16:16:57.906 [main] INFO  factory.BaseClass - navigating to the doctors page
16:17:03.307 [main] INFO  factory.BaseClass - applying the filters
16:17:10.607 [main] INFO  factory.BaseClass - Applied Patient Stories
16:17:18.308 [main] INFO  factory.BaseClass - Applied Experience filter
16:17:33.255 [main] INFO  factory.BaseClass - Applied All Filters
16:17:36.288 [main] INFO  factory.BaseClass - Doctors are greater than 5
16:17:40.890 [main] INFO  factory.BaseClass - Sorted the doctors list
16:17:41.074 [main] INFO  factory.BaseClass - Getting the doctors details
16:17:44.292 [main] INFO  factory.BaseClass - printing the details in the excel
16:18:13.102 [main] INFO  factory.BaseClass - deleting all the cookies
16:18:13.108 [main] INFO  factory.BaseClass - applying the implicit wait
16:18:18.869 [main] INFO  factory.BaseClass - Navigated to PRACTO Homepage
16:18:19.035 [main] INFO  factory.BaseClass - Navigating to the surgeries page
16:18:21.033 [main] INFO  factory.BaseClass - Clicked on Surgeries
16:18:21.300 [main] INFO  factory.BaseClass - scrolling down to the surgeries
16:18:26.351 [main] INFO  factory.BaseClass - printing the surgeries list in the excel
16:18:57.657 [main] INFO  factory.BaseClass - deleting all the cookies
16:18:57.663 [main] INFO  factory.BaseClass - applying the implicit wait
16:19:03.254 [main] INFO  factory.BaseClass - Navigated to PRACTO Homepage
16:19:03.495 [main] INFO  factory.BaseClass - navigating to the corporate
16:19:03.647 [main] INFO  factory.BaseClass - selecting heath and wellness
16:19:08.934 [main] INFO  factory.BaseClass - entering name and organisation in the demo form
16:19:11.181 [main] INFO  factory.BaseClass - choosing the organization size and interested option
16:19:15.535 [main] INFO  factory.BaseClass - verifying the phone field by giving invalid input format
16:19:15.535 [main] INFO  factory.BaseClass - verifying the email field with the invalid input no : 1
16:19:17.772 [main] INFO  factory.BaseClass - verifying the email field with the invalid input no : 2
16:19:19.977 [main] INFO  factory.BaseClass - verifying the email field with the invalid input no : 3
16:19:31.426 [main] INFO  factory.BaseClass - verifying the visibility of schedule a demo visibilty
16:20:03.549 [main] INFO  factory.BaseClass - deleting all the cookies
16:20:03.556 [main] INFO  factory.BaseClass - applying the implicit wait
16:20:09.490 [main] INFO  factory.BaseClass - Navigated to PRACTO Homepage
16:20:09.699 [main] INFO  factory.BaseClass - navigating to the corporate
