22:32:17.601 [main] INFO  factory.BaseClass - choosing the organization size and interested option
22:32:31.744 [main] INFO  factory.BaseClass - verifying the phone field by giving invalid input format
22:32:31.745 [main] INFO  factory.BaseClass - verifying the mail field with the valid input : 
22:32:58.905 [main] INFO  factory.BaseClass - verifying the visibility of schedule a demo visibilty
22:33:21.047 [main] INFO  factory.BaseClass - getting the success message
22:33:21.341 [main] INFO  factory.BaseClass - verifying the success message
22:46:30.564 [main] INFO  factory.BaseClass - Running through chrome
22:46:30.618 [main] INFO  factory.BaseClass - deleting all the cookies
22:46:30.634 [main] INFO  factory.BaseClass - applying the implicit wait
22:46:31.291 [main] INFO  factory.BaseClass - --------------- Fetching doctors details has Started ---------------------
22:46:38.123 [main] INFO  factory.BaseClass - Navigated to PRACTO Homepage
22:46:38.385 [main] INFO  factory.BaseClass - Entering the search data
22:46:45.525 [main] INFO  factory.BaseClass - Entered the City name
22:46:54.336 [main] INFO  factory.BaseClass - Entered the Speciality name
22:46:54.337 [main] INFO  factory.BaseClass - navigating to the doctors page
22:46:59.792 [main] INFO  factory.BaseClass - applying the filters
22:47:07.407 [main] INFO  factory.BaseClass - Applied Patient Stories
22:47:16.300 [main] INFO  factory.BaseClass - Applied Experience filter
22:47:33.109 [main] INFO  factory.BaseClass - Applied All Filters
22:47:36.249 [main] INFO  factory.BaseClass - Doctors are greater than 5
22:47:42.726 [main] INFO  factory.BaseClass - Sorted the doctors list
22:47:42.926 [main] INFO  factory.BaseClass - Getting the doctors details
22:47:47.812 [main] INFO  factory.BaseClass - printing the details in the excel
22:47:48.072 [main] INFO  factory.BaseClass - --------------- Fetching surgeries has Started ---------------------
22:47:52.888 [main] INFO  factory.BaseClass - Navigated to PRACTO Homepage
22:47:53.116 [main] INFO  factory.BaseClass - Navigating to the surgeries page
22:47:59.688 [main] INFO  factory.BaseClass - scrolling down to the surgeries
22:48:08.383 [main] INFO  factory.BaseClass - printing the surgeries list in the excel
22:48:11.665 [main] INFO  factory.BaseClass - --------------- Verifying the schedule demo button has Started ---------------------
22:48:16.065 [main] INFO  factory.BaseClass - Navigated to PRACTO Homepage
22:48:16.437 [main] INFO  factory.BaseClass - navigating to the corporate
22:48:16.620 [main] INFO  factory.BaseClass - selecting heath and wellness
22:48:23.119 [main] INFO  factory.BaseClass - entering name and organisation in the demo form
22:48:35.480 [main] INFO  factory.BaseClass - choosing the organization size and interested option
22:48:49.630 [main] INFO  factory.BaseClass - verifying the phone field by giving invalid input format
22:48:49.630 [main] INFO  factory.BaseClass - verifying the email field with the invalid input no : 
22:49:14.585 [main] INFO  factory.BaseClass - verifying the visibility of schedule a demo visibilty
22:49:23.898 [main] INFO  factory.BaseClass - --------------- Verifying the Thankyou message after applying for a demo has Started ---------------------
22:49:29.058 [main] INFO  factory.BaseClass - Navigated to PRACTO Homepage
22:49:29.389 [main] INFO  factory.BaseClass - navigating to the corporate
22:49:29.567 [main] INFO  factory.BaseClass - selecting heath and wellness
22:49:32.658 [main] INFO  factory.BaseClass - verifying with the valid inputs
22:49:44.951 [main] INFO  factory.BaseClass - choosing the organization size and interested option
22:49:59.085 [main] INFO  factory.BaseClass - verifying the phone field by giving invalid input format
22:49:59.085 [main] INFO  factory.BaseClass - verifying the mail field with the valid input : 
22:50:26.083 [main] INFO  factory.BaseClass - verifying the visibility of schedule a demo visibilty
22:50:48.288 [main] INFO  factory.BaseClass - getting the success message
22:50:48.576 [main] INFO  factory.BaseClass - verifying the success message
23:05:03.558 [main] INFO  factory.BaseClass - Running through chrome
23:05:03.605 [main] INFO  factory.BaseClass - deleting all the cookies
23:05:03.624 [main] INFO  factory.BaseClass - applying the implicit wait
23:05:04.376 [main] INFO  factory.BaseClass - --------------- Verifying the schedule demo button has Started ---------------------
23:05:11.148 [main] INFO  factory.BaseClass - Navigated to PRACTO Homepage
23:05:11.600 [main] INFO  factory.BaseClass - navigating to the corporate
23:05:11.840 [main] INFO  factory.BaseClass - selecting heath and wellness
23:05:18.658 [main] INFO  factory.BaseClass - entering name and organisation in the demo form
23:05:32.866 [main] INFO  factory.BaseClass - choosing the organization size and interested option
23:05:47.034 [main] INFO  factory.BaseClass - verifying the phone field by giving invalid input format
